Searching synesthesia_tracks_v1 with [0.5, 0.5, 0.5, 0.5, 0.0]
Found 1 results
Searching synesthesia_tracks_v1 with [0.550000011920929, 0.5, 0.5, 0.5, 0.0]
Found 1 results
Searching synesthesia_tracks_v1 with [0.6000000238418579, 0.5, 0.5, 0.5, 0.0]
Found 1 results
Searching synesthesia_tracks_v1 with [0.6499999761581421, 0.5, 0.5, 0.5, 0.0]
Found 1 results
Searching synesthesia_tracks_v1 with [0.699999988079071, 0.5, 0.5, 0.5, 0.0]
Found 1 results
Searching synesthesia_tracks_v1 with [0.75, 0.5, 0.5, 0.5, 0.0]
Found 1 results
Searching synesthesia_tracks_v1 with [0.75, 0.44999998807907104, 0.5, 0.5, 0.0]
Found 1 results
Searching synesthesia_tracks_v1 with [0.75, 0.4000000059604645, 0.5, 0.5, 0.0]
Found 1 results
Searching synesthesia_tracks_v1 with [0.75, 0.44999998807907104, 0.5, 0.5, 0.0]
Found 1 results
Searching synesthesia_tracks_v1 with [0.75, 0.44999998807907104, 0.550000011920929, 0.5, 0.0]
Found 1 results
Searching synesthesia_tracks_v1 with [0.75, 0.44999998807907104, 0.6000000238418579, 0.5, 0.0]
Found 1 results
Searching synesthesia_tracks_v1 with [0.75, 0.44999998807907104, 0.699999988079071, 0.5, 0.0]
Found 1 results
